2020-05-15 13:42:50,048 ERROR HomeWorkBuilding.Main [main] HomeWorkBuilding.Main.main(Main.java:35) HomeWorkBuilding.buildingExceptions.IlluminanceTooMuchException:  Room:Hall lk cannot be greater than 4000 lx, current lx:3500
2020-05-15 13:42:50,052 INFO HomeWorkBuilding.Building [main] HomeWorkBuilding.Building.describe(Building.java:33) Office building:
2020-05-15 13:42:50,055 INFO HomeWorkBuilding.Building [main] HomeWorkBuilding.Building.describe(Building.java:35) Room: Office room
Illumination: 3300lx, Windows: 4, LightBulbs: [lx=400, lx=100]
Area: 50 m^2
Furniture: [Office Table: area of furniture: 3m^2, Giant Chair: area of furniture: 4m^2], free: 80,0 %
2020-05-15 13:42:50,055 INFO HomeWorkBuilding.Building [main] HomeWorkBuilding.Building.describe(Building.java:35) Room: Hall
Illumination: 3500lx, Windows: 5, LightBulbs: []
Area: 100 m^2
Furniture: no furniture, free: 100,0 %
2020-05-15 13:43:15,778 INFO HomeWorkBuilding.Building [main] HomeWorkBuilding.Building.describe(Building.java:33) Office building:
2020-05-15 13:43:15,783 INFO HomeWorkBuilding.Building [main] HomeWorkBuilding.Building.describe(Building.java:35) Room: Office room
Illumination: 3300lx, Windows: 4, LightBulbs: [lx=400, lx=100]
Area: 50 m^2
Furniture: [Office Table: area of furniture: 3m^2, Giant Chair: area of furniture: 4m^2], free: 80,0 %
2020-05-15 13:43:15,784 INFO HomeWorkBuilding.Building [main] HomeWorkBuilding.Building.describe(Building.java:35) Room: Hall
Illumination: 3900lx, Windows: 5, LightBulbs: [lx=300, lx=100]
Area: 100 m^2
Furniture: [small Table: area of furniture: 2m^2, small Chair: area of furniture: 5m^2], free: 90,0 %
2020-05-15 13:46:00,473 ERROR HomeWorkBuilding.Main [main] HomeWorkBuilding.Main.main(Main.java:36)  Room:Hall lk cannot be greater than 4000 lx, current lx:3500
2020-05-15 13:46:00,477 INFO HomeWorkBuilding.Building [main] HomeWorkBuilding.Building.describe(Building.java:33) Office building:
2020-05-15 13:46:00,480 INFO HomeWorkBuilding.Building [main] HomeWorkBuilding.Building.describe(Building.java:35) Room: Office room
Illumination: 3300lx, Windows: 4, LightBulbs: [lx=400, lx=100]
Area: 50 m^2
Furniture: [Office Table: area of furniture: 3m^2, Giant Chair: area of furniture: 4m^2], free: 80,0 %
2020-05-15 13:46:00,481 INFO HomeWorkBuilding.Building [main] HomeWorkBuilding.Building.describe(Building.java:35) Room: Hall
Illumination: 3500lx, Windows: 5, LightBulbs: []
Area: 100 m^2
Furniture: no furniture, free: 100,0 %
2020-05-15 13:46:22,953 INFO HomeWorkBuilding.Building [main] HomeWorkBuilding.Building.describe(Building.java:33) Office building:
2020-05-15 13:46:22,958 INFO HomeWorkBuilding.Building [main] HomeWorkBuilding.Building.describe(Building.java:35) Room: Office room
Illumination: 3300lx, Windows: 4, LightBulbs: [lx=400, lx=100]
Area: 50 m^2
Furniture: [Office Table: area of furniture: 3m^2, Giant Chair: area of furniture: 4m^2], free: 80,0 %
2020-05-15 13:46:22,959 INFO HomeWorkBuilding.Building [main] HomeWorkBuilding.Building.describe(Building.java:35) Room: Hall
Illumination: 3900lx, Windows: 5, LightBulbs: [lx=300, lx=100]
Area: 100 m^2
Furniture: [small Table: area of furniture: 2m^2, small Chair: area of furniture: 5m^2], free: 90,0 %
2020-05-15 13:48:21,124 ERROR HomeWorkBuilding.Main [main] HomeWorkBuilding.Main.main(Main.java:36)  Room:Hall lk cannot be greater than 4000 lx, current lx:3500
2020-05-15 13:48:21,129 INFO HomeWorkBuilding.Building [main] HomeWorkBuilding.Building.describe(Building.java:33) Office building:
2020-05-15 13:48:21,132 INFO HomeWorkBuilding.Building [main] HomeWorkBuilding.Building.describe(Building.java:35) Room: Office room
Illumination: 3300lx, Windows: 4, LightBulbs: [lx=400, lx=100]
Area: 50 m^2
Furniture: [Office Table: area of furniture: 3m^2, Giant Chair: area of furniture: 4m^2], free: 80,0 %
2020-05-15 13:48:21,133 INFO HomeWorkBuilding.Building [main] HomeWorkBuilding.Building.describe(Building.java:35) Room: Hall
Illumination: 3500lx, Windows: 5, LightBulbs: []
Area: 100 m^2
Furniture: no furniture, free: 100,0 %
2020-05-15 14:04:32,388 ERROR HomeWorkBuilding.Main [main] HomeWorkBuilding.Main.main(Main.java:36)  Room:Hall lk cannot be greater than 4000 lx, current lx:3500
2020-05-15 14:04:32,388 INFO HomeWorkBuilding.Building [main] HomeWorkBuilding.Building.describe(Building.java:33) Office building:
2020-05-15 14:04:32,388 INFO HomeWorkBuilding.Building [main] HomeWorkBuilding.Building.describe(Building.java:35) Room: Office room
Illumination: 3300lx, Windows: 4, LightBulbs: [lx=400, lx=100]
Area: 50 m^2
Furniture: [Office Table: area of furniture: 3m^2, Giant Chair: area of furniture: 4m^2], free: 80,0 %
2020-05-15 14:04:32,388 INFO HomeWorkBuilding.Building [main] HomeWorkBuilding.Building.describe(Building.java:35) Room: Hall
Illumination: 3500lx, Windows: 5, LightBulbs: []
Area: 100 m^2
Furniture: no furniture, free: 100,0 %
2020-05-15 14:04:42,784 INFO HomeWorkBuilding.Building [main] HomeWorkBuilding.Building.describe(Building.java:33) Office building:
2020-05-15 14:04:42,792 INFO HomeWorkBuilding.Building [main] HomeWorkBuilding.Building.describe(Building.java:35) Room: Office room
Illumination: 3300lx, Windows: 4, LightBulbs: [lx=400, lx=100]
Area: 50 m^2
Furniture: [Office Table: area of furniture: 3m^2, Giant Chair: area of furniture: 4m^2], free: 80,0 %
2020-05-15 14:04:42,792 INFO HomeWorkBuilding.Building [main] HomeWorkBuilding.Building.describe(Building.java:35) Room: Hall
Illumination: 4000lx, Windows: 5, LightBulbs: [lx=400, lx=100]
Area: 100 m^2
Furniture: [small Table: area of furniture: 2m^2, small Chair: area of furniture: 5m^2], free: 90,0 %
2020-05-15 14:04:54,347 INFO HomeWorkBuilding.Building [main] HomeWorkBuilding.Building.describe(Building.java:33) Office building:
2020-05-15 14:04:54,354 INFO HomeWorkBuilding.Building [main] HomeWorkBuilding.Building.describe(Building.java:35) Room: Office room
Illumination: 3300lx, Windows: 4, LightBulbs: [lx=400, lx=100]
Area: 50 m^2
Furniture: [Office Table: area of furniture: 3m^2, Giant Chair: area of furniture: 10m^2], free: 62,9 %
2020-05-15 14:04:54,354 INFO HomeWorkBuilding.Building [main] HomeWorkBuilding.Building.describe(Building.java:35) Room: Hall
Illumination: 4000lx, Windows: 5, LightBulbs: [lx=400, lx=100]
Area: 100 m^2
Furniture: [small Table: area of furniture: 2m^2, small Chair: area of furniture: 5m^2], free: 90,0 %
2020-05-15 14:14:04,816 INFO HomeWorkBuilding.Building [main] HomeWorkBuilding.Building.describe(Building.java:33) Office building:
2020-05-15 14:14:04,822 INFO HomeWorkBuilding.Building [main] HomeWorkBuilding.Building.describe(Building.java:35) Room: Office room
Illumination: 3300lx, Windows: 4, LightBulbs: [lx=400, lx=100]
Area: 50,000000 m^2
Furniture: [Office Table: area of furniture: 3m^2, Giant Chair: area of furniture: 10m^2], free: 62,9 %
2020-05-15 14:14:04,822 INFO HomeWorkBuilding.Building [main] HomeWorkBuilding.Building.describe(Building.java:35) Room: Hall
Illumination: 4000lx, Windows: 5, LightBulbs: [lx=400, lx=100]
Area: 100,000000 m^2
Furniture: [small Table: area of furniture: 2m^2, small Chair: area of furniture: 5m^2], free: 90,0 %
2020-05-15 14:14:29,332 INFO HomeWorkBuilding.Building [main] HomeWorkBuilding.Building.describe(Building.java:33) Office building:
2020-05-15 14:14:29,340 INFO HomeWorkBuilding.Building [main] HomeWorkBuilding.Building.describe(Building.java:35) Room: Office room
Illumination: 3300lx, Windows: 4, LightBulbs: [lx=400, lx=100]
Area: 50,0 m^2
Furniture: [Office Table: area of furniture: 3m^2, Giant Chair: area of furniture: 10m^2], free: 62,9 %
2020-05-15 14:14:29,340 INFO HomeWorkBuilding.Building [main] HomeWorkBuilding.Building.describe(Building.java:35) Room: Hall
Illumination: 4000lx, Windows: 5, LightBulbs: [lx=400, lx=100]
Area: 100,0 m^2
Furniture: [small Table: area of furniture: 2m^2, small Chair: area of furniture: 5m^2], free: 90,0 %
2020-05-15 14:15:06,317 ERROR HomeWorkBuilding.Main [main] HomeWorkBuilding.Main.main(Main.java:37) area of all furniture cannot exceed 70% of the room area, current available space 32.0 m^2
2020-05-15 14:15:06,321 INFO HomeWorkBuilding.Building [main] HomeWorkBuilding.Building.describe(Building.java:33) Office building:
2020-05-15 14:15:06,322 INFO HomeWorkBuilding.Building [main] HomeWorkBuilding.Building.describe(Building.java:35) Room: Office room
Illumination: 3300lx, Windows: 4, LightBulbs: [lx=400, lx=100]
Area: 50,0 m^2
Furniture: [Office Table: area of furniture: 3m^2], free: 91,4 %
2020-05-15 14:15:06,322 INFO HomeWorkBuilding.Building [main] HomeWorkBuilding.Building.describe(Building.java:35) Room: Hall
Illumination: 3500lx, Windows: 5, LightBulbs: []
Area: 100,0 m^2
Furniture: no furniture, free: 100,0 %
2020-05-15 14:15:31,365 INFO HomeWorkBuilding.Building [main] HomeWorkBuilding.Building.describe(Building.java:33) Office building:
2020-05-15 14:15:31,370 INFO HomeWorkBuilding.Building [main] HomeWorkBuilding.Building.describe(Building.java:35) Room: Office room
Illumination: 3300lx, Windows: 4, LightBulbs: [lx=400, lx=100]
Area: 50,0 m^2
Furniture: [Office Table: area of furniture: 3m^2, Giant Chair: area of furniture: 10m^2], free: 62,9 %
2020-05-15 14:15:31,371 INFO HomeWorkBuilding.Building [main] HomeWorkBuilding.Building.describe(Building.java:35) Room: Hall
Illumination: 4000lx, Windows: 5, LightBulbs: [lx=400, lx=100]
Area: 100,0 m^2
Furniture: [small Table: area of furniture: 2m^2, small Chair: area of furniture: 5m^2], free: 90,0 %
2020-05-15 14:23:05,179 INFO HomeWorkBuilding.Building [main] HomeWorkBuilding.Building.describe(Building.java:32) Office building:
2020-05-15 14:23:05,187 INFO HomeWorkBuilding.Building [main] HomeWorkBuilding.Building.describe(Building.java:34) Room: Office room
Illumination: 3300lx, Windows: 4, LightBulbs: [lx=400, lx=100]
Area: 50,0 m^2
Furniture: [Office Table: area of furniture: 3m^2, Giant Chair: area of furniture: 10m^2], free: 62,9 %
2020-05-15 14:23:05,187 INFO HomeWorkBuilding.Building [main] HomeWorkBuilding.Building.describe(Building.java:34) Room: Hall
Illumination: 4000lx, Windows: 5, LightBulbs: [lx=400, lx=100]
Area: 100,0 m^2
Furniture: [small Table: area of furniture: 2m^2, small Chair: area of furniture: 5m^2], free: 90,0 %
2020-05-15 14:23:23,857 INFO HomeWorkBuilding.Building [main] HomeWorkBuilding.Building.describe(Building.java:32) Office building:
2020-05-15 14:23:23,860 INFO HomeWorkBuilding.Building [main] HomeWorkBuilding.Building.describe(Building.java:34) Room: Office room
Illumination: 3300lx, Windows: 4, LightBulbs: [lx=400, lx=100]
Area: 50,0 m^2
Furniture: [Office Table: area of furniture: 3m^2, Giant Chair: area of furniture: 10m^2], free: 62,9 %
2020-05-15 14:23:23,863 INFO HomeWorkBuilding.Building [main] HomeWorkBuilding.Building.describe(Building.java:34) Room: Hall
Illumination: 4000lx, Windows: 5, LightBulbs: [lx=400, lx=100]
Area: 100,0 m^2
Furniture: [small Table: area of furniture: 2m^2, small Chair: area of furniture: 5m^2], free: 90,0 %
2020-05-15 14:26:50,392 INFO HomeWorkBuilding.Building [main] HomeWorkBuilding.Building.describe(Building.java:32) Office building:
2020-05-15 14:26:50,401 INFO HomeWorkBuilding.Building [main] HomeWorkBuilding.Building.describe(Building.java:34) Room: Office room
Illumination: 3300lx, Windows: 4, LightBulbs: [Bulb: 400lx, Bulb: 100lx]
Area: 50,0 m^2
Furniture: [Office Table: area of furniture: 3m^2, Giant Chair: area of furniture: 10m^2], free: 62,9 %
2020-05-15 14:26:50,402 INFO HomeWorkBuilding.Building [main] HomeWorkBuilding.Building.describe(Building.java:34) Room: Hall
Illumination: 4000lx, Windows: 5, LightBulbs: [Bulb: 400lx, Bulb: 100lx]
Area: 100,0 m^2
Furniture: [small Table: area of furniture: 2m^2, small Chair: area of furniture: 5m^2], free: 90,0 %
